2024-10-02 13:25:08,083 DEBUG    root            Loaded Command Group: ['gcloud', 'components']
2024-10-02 13:25:08,090 DEBUG    root            Loaded Command Group: ['gcloud', 'components', 'update']
2024-10-02 13:25:08,094 DEBUG    root            Running [gcloud.components.update] with arguments: [--compile-python: "True", --quiet: "True", COMPONENT-IDS:6: "['core', 'gcloud-deps', 'bq', 'gcloud', 'gcloud-crc32c', 'gsutil']"]
2024-10-02 13:25:08,096 INFO     ___FILE_ONLY___ Beginning update. This process may take several minutes.

2024-10-02 13:25:08,142 DEBUG    urllib3.connectionpool Starting new HTTPS connection (1): dl.google.com:443
2024-10-02 13:25:08,208 DEBUG    urllib3.connectionpool https://dl.google.com:443 "GET /dl/cloudsdk/channels/rapid/components-2.json HTTP/1.1" 200 227002
2024-10-02 13:25:08,228 INFO     ___FILE_ONLY___ 

2024-10-02 13:25:08,228 INFO     ___FILE_ONLY___ 
Your current Google Cloud CLI version is: 495.0.0

2024-10-02 13:25:08,229 INFO     ___FILE_ONLY___ Installing components from version: 495.0.0

2024-10-02 13:25:08,229 INFO     ___FILE_ONLY___ 

2024-10-02 13:25:08,229 DEBUG    root            Chosen display Format:table[box,title="These components will be removed."](details.display_name:label=Name:align=left,version.version_string:label=Version:align=right,data.size.size(zero="",min=1048576):label=Size:align=right)
2024-10-02 13:25:08,230 DEBUG    root            Chosen display Format:table[box,title="These components will be updated."](details.display_name:label=Name:align=left,version.version_string:label=Version:align=right,data.size.size(zero="",min=1048576):label=Size:align=right)
2024-10-02 13:25:08,231 DEBUG    root            Chosen display Format:table[box,title="These components will be installed."](details.display_name:label=Name:align=left,version.version_string:label=Version:align=right,data.size.size(zero="",min=1048576):label=Size:align=right)
2024-10-02 13:25:08,273 INFO     ___FILE_ONLY___ ┌─────────────────────────────────────────────────────────────────────────────┐
2024-10-02 13:25:08,274 INFO     ___FILE_ONLY___ 

2024-10-02 13:25:08,274 INFO     ___FILE_ONLY___ │                     These components will be installed.                     │
2024-10-02 13:25:08,274 INFO     ___FILE_ONLY___ 

2024-10-02 13:25:08,274 INFO     ___FILE_ONLY___ ├─────────────────────────────────────────────────────┬────────────┬──────────┤
2024-10-02 13:25:08,274 INFO     ___FILE_ONLY___ 

2024-10-02 13:25:08,274 INFO     ___FILE_ONLY___ │                         Name                        │  Version   │   Size   │
2024-10-02 13:25:08,274 INFO     ___FILE_ONLY___ 

2024-10-02 13:25:08,274 INFO     ___FILE_ONLY___ ├─────────────────────────────────────────────────────┼────────────┼──────────┤
2024-10-02 13:25:08,274 INFO     ___FILE_ONLY___ 

2024-10-02 13:25:08,274 INFO     ___FILE_ONLY___ │ 
2024-10-02 13:25:08,274 INFO     ___FILE_ONLY___ BigQuery Command Line Tool                         
2024-10-02 13:25:08,274 INFO     ___FILE_ONLY___  
2024-10-02 13:25:08,274 INFO     ___FILE_ONLY___ │ 
2024-10-02 13:25:08,275 INFO     ___FILE_ONLY___      2.1.8
2024-10-02 13:25:08,275 INFO     ___FILE_ONLY___  
2024-10-02 13:25:08,275 INFO     ___FILE_ONLY___ │ 
2024-10-02 13:25:08,275 INFO     ___FILE_ONLY___  1.7 MiB
2024-10-02 13:25:08,275 INFO     ___FILE_ONLY___  
2024-10-02 13:25:08,275 INFO     ___FILE_ONLY___ │
2024-10-02 13:25:08,275 INFO     ___FILE_ONLY___ 

2024-10-02 13:25:08,275 INFO     ___FILE_ONLY___ │ 
2024-10-02 13:25:08,275 INFO     ___FILE_ONLY___ BigQuery Command Line Tool (Platform Specific)     
2024-10-02 13:25:08,275 INFO     ___FILE_ONLY___  
2024-10-02 13:25:08,275 INFO     ___FILE_ONLY___ │ 
2024-10-02 13:25:08,275 INFO     ___FILE_ONLY___      2.1.8
2024-10-02 13:25:08,275 INFO     ___FILE_ONLY___  
2024-10-02 13:25:08,275 INFO     ___FILE_ONLY___ │ 
2024-10-02 13:25:08,275 INFO     ___FILE_ONLY___  < 1 MiB
2024-10-02 13:25:08,276 INFO     ___FILE_ONLY___  
2024-10-02 13:25:08,276 INFO     ___FILE_ONLY___ │
2024-10-02 13:25:08,276 INFO     ___FILE_ONLY___ 

2024-10-02 13:25:08,276 INFO     ___FILE_ONLY___ │ 
2024-10-02 13:25:08,276 INFO     ___FILE_ONLY___ Bundled Python 3.11 (Platform Specific)            
2024-10-02 13:25:08,276 INFO     ___FILE_ONLY___  
2024-10-02 13:25:08,276 INFO     ___FILE_ONLY___ │ 
2024-10-02 13:25:08,276 INFO     ___FILE_ONLY___     3.11.9
2024-10-02 13:25:08,276 INFO     ___FILE_ONLY___  
2024-10-02 13:25:08,276 INFO     ___FILE_ONLY___ │ 
2024-10-02 13:25:08,276 INFO     ___FILE_ONLY___ 74.4 MiB
2024-10-02 13:25:08,276 INFO     ___FILE_ONLY___  
2024-10-02 13:25:08,276 INFO     ___FILE_ONLY___ │
2024-10-02 13:25:08,276 INFO     ___FILE_ONLY___ 

2024-10-02 13:25:08,277 INFO     ___FILE_ONLY___ │ 
2024-10-02 13:25:08,277 INFO     ___FILE_ONLY___ Cloud Storage Command Line Tool                    
2024-10-02 13:25:08,277 INFO     ___FILE_ONLY___  
2024-10-02 13:25:08,277 INFO     ___FILE_ONLY___ │ 
2024-10-02 13:25:08,277 INFO     ___FILE_ONLY___       5.30
2024-10-02 13:25:08,277 INFO     ___FILE_ONLY___  
2024-10-02 13:25:08,277 INFO     ___FILE_ONLY___ │ 
2024-10-02 13:25:08,277 INFO     ___FILE_ONLY___ 11.3 MiB
2024-10-02 13:25:08,277 INFO     ___FILE_ONLY___  
2024-10-02 13:25:08,277 INFO     ___FILE_ONLY___ │
2024-10-02 13:25:08,277 INFO     ___FILE_ONLY___ 

2024-10-02 13:25:08,277 INFO     ___FILE_ONLY___ │ 
2024-10-02 13:25:08,277 INFO     ___FILE_ONLY___ Cloud Storage Command Line Tool (Platform Specific)
2024-10-02 13:25:08,277 INFO     ___FILE_ONLY___  
2024-10-02 13:25:08,278 INFO     ___FILE_ONLY___ │ 
2024-10-02 13:25:08,278 INFO     ___FILE_ONLY___       5.30
2024-10-02 13:25:08,278 INFO     ___FILE_ONLY___  
2024-10-02 13:25:08,278 INFO     ___FILE_ONLY___ │ 
2024-10-02 13:25:08,278 INFO     ___FILE_ONLY___  < 1 MiB
2024-10-02 13:25:08,278 INFO     ___FILE_ONLY___  
2024-10-02 13:25:08,278 INFO     ___FILE_ONLY___ │
2024-10-02 13:25:08,278 INFO     ___FILE_ONLY___ 

2024-10-02 13:25:08,278 INFO     ___FILE_ONLY___ │ 
2024-10-02 13:25:08,278 INFO     ___FILE_ONLY___ Google Cloud CLI Core Libraries (Platform Specific)
2024-10-02 13:25:08,278 INFO     ___FILE_ONLY___  
2024-10-02 13:25:08,278 INFO     ___FILE_ONLY___ │ 
2024-10-02 13:25:08,278 INFO     ___FILE_ONLY___ 2024.08.30
2024-10-02 13:25:08,278 INFO     ___FILE_ONLY___  
2024-10-02 13:25:08,279 INFO     ___FILE_ONLY___ │ 
2024-10-02 13:25:08,279 INFO     ___FILE_ONLY___  < 1 MiB
2024-10-02 13:25:08,279 INFO     ___FILE_ONLY___  
2024-10-02 13:25:08,279 INFO     ___FILE_ONLY___ │
2024-10-02 13:25:08,279 INFO     ___FILE_ONLY___ 

2024-10-02 13:25:08,279 INFO     ___FILE_ONLY___ │ 
2024-10-02 13:25:08,279 INFO     ___FILE_ONLY___ Google Cloud CRC32C Hash Tool (Platform Specific)  
2024-10-02 13:25:08,279 INFO     ___FILE_ONLY___  
2024-10-02 13:25:08,279 INFO     ___FILE_ONLY___ │ 
2024-10-02 13:25:08,279 INFO     ___FILE_ONLY___      1.0.0
2024-10-02 13:25:08,279 INFO     ___FILE_ONLY___  
2024-10-02 13:25:08,279 INFO     ___FILE_ONLY___ │ 
2024-10-02 13:25:08,279 INFO     ___FILE_ONLY___  1.3 MiB
2024-10-02 13:25:08,279 INFO     ___FILE_ONLY___  
2024-10-02 13:25:08,279 INFO     ___FILE_ONLY___ │
2024-10-02 13:25:08,280 INFO     ___FILE_ONLY___ 

2024-10-02 13:25:08,280 INFO     ___FILE_ONLY___ │ 
2024-10-02 13:25:08,280 INFO     ___FILE_ONLY___ gcloud cli dependencies (Platform Specific)        
2024-10-02 13:25:08,280 INFO     ___FILE_ONLY___  
2024-10-02 13:25:08,280 INFO     ___FILE_ONLY___ │ 
2024-10-02 13:25:08,280 INFO     ___FILE_ONLY___ 2021.04.16
2024-10-02 13:25:08,280 INFO     ___FILE_ONLY___  
2024-10-02 13:25:08,280 INFO     ___FILE_ONLY___ │ 
2024-10-02 13:25:08,280 INFO     ___FILE_ONLY___  < 1 MiB
2024-10-02 13:25:08,280 INFO     ___FILE_ONLY___  
2024-10-02 13:25:08,280 INFO     ___FILE_ONLY___ │
2024-10-02 13:25:08,280 INFO     ___FILE_ONLY___ 

2024-10-02 13:25:08,280 INFO     ___FILE_ONLY___ └─────────────────────────────────────────────────────┴────────────┴──────────┘
2024-10-02 13:25:08,280 INFO     ___FILE_ONLY___ 

2024-10-02 13:25:08,281 INFO     ___FILE_ONLY___ 

2024-10-02 13:25:08,284 DEBUG    urllib3.connectionpool Starting new HTTPS connection (1): dl.google.com:443
2024-10-02 13:25:08,346 DEBUG    urllib3.connectionpool https://dl.google.com:443 "GET /dl/cloudsdk/channels/rapid/RELEASE_NOTES HTTP/1.1" 200 1281712
2024-10-02 13:25:08,406 INFO     ___FILE_ONLY___ For the latest full release notes, please visit:
  https://cloud.google.com/sdk/release_notes


2024-10-02 13:25:08,407 INFO     ___FILE_ONLY___ Performing in place update...


2024-10-02 13:25:08,409 INFO     ___FILE_ONLY___ ╔════════════════════════════════════════════════════════════╗

2024-10-02 13:25:08,409 INFO     ___FILE_ONLY___ ╠═ Downloading: BigQuery Command Line Tool                  ═╣

2024-10-02 13:25:08,409 INFO     ___FILE_ONLY___ ╚
2024-10-02 13:25:08,412 DEBUG    urllib3.connectionpool Starting new HTTPS connection (1): dl.google.com:443
2024-10-02 13:25:08,508 DEBUG    urllib3.connectionpool https://dl.google.com:443 "GET /dl/cloudsdk/channels/rapid/components/google-cloud-sdk-bq-20240816183020.tar.gz HTTP/1.1" 200 1818208
2024-10-02 13:25:08,519 INFO     ___FILE_ONLY___ ═
2024-10-02 13:25:08,519 INFO     ___FILE_ONLY___ ═
2024-10-02 13:25:08,520 INFO     ___FILE_ONLY___ ═
2024-10-02 13:25:08,520 INFO     ___FILE_ONLY___ ═
2024-10-02 13:25:08,520 INFO     ___FILE_ONLY___ ═
2024-10-02 13:25:08,520 INFO     ___FILE_ONLY___ ═
2024-10-02 13:25:08,520 INFO     ___FILE_ONLY___ ═
2024-10-02 13:25:08,520 INFO     ___FILE_ONLY___ ═
2024-10-02 13:25:08,520 INFO     ___FILE_ONLY___ ═
2024-10-02 13:25:08,520 INFO     ___FILE_ONLY___ ═
2024-10-02 13:25:08,520 INFO     ___FILE_ONLY___ ═
2024-10-02 13:25:08,521 INFO     ___FILE_ONLY___ ═
2024-10-02 13:25:08,521 INFO     ___FILE_ONLY___ ═
2024-10-02 13:25:08,521 INFO     ___FILE_ONLY___ ═
2024-10-02 13:25:08,521 INFO     ___FILE_ONLY___ ═
2024-10-02 13:25:08,521 INFO     ___FILE_ONLY___ ═
2024-10-02 13:25:08,521 INFO     ___FILE_ONLY___ ═
2024-10-02 13:25:08,521 INFO     ___FILE_ONLY___ ═
2024-10-02 13:25:08,521 INFO     ___FILE_ONLY___ ═
2024-10-02 13:25:08,521 INFO     ___FILE_ONLY___ ═
2024-10-02 13:25:08,522 INFO     ___FILE_ONLY___ ═
2024-10-02 13:25:08,522 INFO     ___FILE_ONLY___ ═
2024-10-02 13:25:08,522 INFO     ___FILE_ONLY___ ═
2024-10-02 13:25:08,522 INFO     ___FILE_ONLY___ ═
2024-10-02 13:25:08,522 INFO     ___FILE_ONLY___ ═
2024-10-02 13:25:08,522 INFO     ___FILE_ONLY___ ═
2024-10-02 13:25:08,522 INFO     ___FILE_ONLY___ ═
2024-10-02 13:25:08,522 INFO     ___FILE_ONLY___ ═
2024-10-02 13:25:08,522 INFO     ___FILE_ONLY___ ═
2024-10-02 13:25:08,523 INFO     ___FILE_ONLY___ ═
2024-10-02 13:25:08,523 INFO     ___FILE_ONLY___ ═
2024-10-02 13:25:08,523 INFO     ___FILE_ONLY___ ═
2024-10-02 13:25:08,523 INFO     ___FILE_ONLY___ ═
2024-10-02 13:25:08,523 INFO     ___FILE_ONLY___ ═
2024-10-02 13:25:08,523 INFO     ___FILE_ONLY___ ═
2024-10-02 13:25:08,523 INFO     ___FILE_ONLY___ ═
2024-10-02 13:25:08,523 INFO     ___FILE_ONLY___ ═
2024-10-02 13:25:08,523 INFO     ___FILE_ONLY___ ═
2024-10-02 13:25:08,524 INFO     ___FILE_ONLY___ ═
2024-10-02 13:25:08,524 INFO     ___FILE_ONLY___ ═
2024-10-02 13:25:08,524 INFO     ___FILE_ONLY___ ═
2024-10-02 13:25:08,524 INFO     ___FILE_ONLY___ ═
2024-10-02 13:25:08,524 INFO     ___FILE_ONLY___ ═
2024-10-02 13:25:08,524 INFO     ___FILE_ONLY___ ═
2024-10-02 13:25:08,524 INFO     ___FILE_ONLY___ ═
2024-10-02 13:25:08,524 INFO     ___FILE_ONLY___ ═
2024-10-02 13:25:08,524 INFO     ___FILE_ONLY___ ═
2024-10-02 13:25:08,525 INFO     ___FILE_ONLY___ ═
2024-10-02 13:25:08,525 INFO     ___FILE_ONLY___ ═
2024-10-02 13:25:08,525 INFO     ___FILE_ONLY___ ═
2024-10-02 13:25:08,525 INFO     ___FILE_ONLY___ ═
2024-10-02 13:25:08,525 INFO     ___FILE_ONLY___ ═
2024-10-02 13:25:08,525 INFO     ___FILE_ONLY___ ═
2024-10-02 13:25:08,525 INFO     ___FILE_ONLY___ ═
2024-10-02 13:25:08,525 INFO     ___FILE_ONLY___ ═
2024-10-02 13:25:08,525 INFO     ___FILE_ONLY___ ═
2024-10-02 13:25:08,525 INFO     ___FILE_ONLY___ ═
2024-10-02 13:25:08,526 INFO     ___FILE_ONLY___ ═
2024-10-02 13:25:08,526 INFO     ___FILE_ONLY___ ═
2024-10-02 13:25:08,526 INFO     ___FILE_ONLY___ ═
2024-10-02 13:25:08,526 INFO     ___FILE_ONLY___ ╝

2024-10-02 13:25:08,528 INFO     ___FILE_ONLY___ ╔════════════════════════════════════════════════════════════╗

2024-10-02 13:25:08,528 INFO     ___FILE_ONLY___ ╠═ Downloading: BigQuery Command Line Tool (Platform Spe... ═╣

2024-10-02 13:25:08,528 INFO     ___FILE_ONLY___ ╚
2024-10-02 13:25:08,531 DEBUG    urllib3.connectionpool Starting new HTTPS connection (1): dl.google.com:443
2024-10-02 13:25:08,590 DEBUG    urllib3.connectionpool https://dl.google.com:443 "GET /dl/cloudsdk/channels/rapid/components/google-cloud-sdk-bq-nix-20240830134514.tar.gz HTTP/1.1" 200 1914
2024-10-02 13:25:08,591 INFO     ___FILE_ONLY___ ════════════════════════════════════════════════════════════
2024-10-02 13:25:08,591 INFO     ___FILE_ONLY___ ╝

2024-10-02 13:25:08,593 INFO     ___FILE_ONLY___ ╔════════════════════════════════════════════════════════════╗

2024-10-02 13:25:08,593 INFO     ___FILE_ONLY___ ╠═ Downloading: Bundled Python 3.11                         ═╣

2024-10-02 13:25:08,593 INFO     ___FILE_ONLY___ ╚
2024-10-02 13:25:08,593 INFO     ___FILE_ONLY___ ════════════════════════════════════════════════════════════
2024-10-02 13:25:08,593 INFO     ___FILE_ONLY___ ╝

2024-10-02 13:25:08,595 INFO     ___FILE_ONLY___ ╔════════════════════════════════════════════════════════════╗

2024-10-02 13:25:08,595 INFO     ___FILE_ONLY___ ╠═ Downloading: Bundled Python 3.11 (Platform Specific)     ═╣

2024-10-02 13:25:08,595 INFO     ___FILE_ONLY___ ╚
2024-10-02 13:25:08,599 DEBUG    urllib3.connectionpool Starting new HTTPS connection (1): dl.google.com:443
2024-10-02 13:25:08,655 DEBUG    urllib3.connectionpool https://dl.google.com:443 "GET /dl/cloudsdk/channels/rapid/components/google-cloud-sdk-bundled-python3-unix-linux-x86_64-20240920144119.tar.gz HTTP/1.1" 200 78001783
2024-10-02 13:25:09,005 INFO     ___FILE_ONLY___ ═
2024-10-02 13:25:09,007 INFO     ___FILE_ONLY___ ═
2024-10-02 13:25:09,009 INFO     ___FILE_ONLY___ ═
2024-10-02 13:25:09,011 INFO     ___FILE_ONLY___ ═
2024-10-02 13:25:09,013 INFO     ___FILE_ONLY___ ═
2024-10-02 13:25:09,015 INFO     ___FILE_ONLY___ ═
2024-10-02 13:25:09,017 INFO     ___FILE_ONLY___ ═
2024-10-02 13:25:09,019 INFO     ___FILE_ONLY___ ═
2024-10-02 13:25:09,021 INFO     ___FILE_ONLY___ ═
2024-10-02 13:25:09,023 INFO     ___FILE_ONLY___ ═
2024-10-02 13:25:09,025 INFO     ___FILE_ONLY___ ═
2024-10-02 13:25:09,027 INFO     ___FILE_ONLY___ ═
2024-10-02 13:25:09,029 INFO     ___FILE_ONLY___ ═
2024-10-02 13:25:09,031 INFO     ___FILE_ONLY___ ═
2024-10-02 13:25:09,034 INFO     ___FILE_ONLY___ ═
2024-10-02 13:25:09,036 INFO     ___FILE_ONLY___ ═
2024-10-02 13:25:09,038 INFO     ___FILE_ONLY___ ═
2024-10-02 13:25:09,040 INFO     ___FILE_ONLY___ ═
2024-10-02 13:25:09,042 INFO     ___FILE_ONLY___ ═
2024-10-02 13:25:09,044 INFO     ___FILE_ONLY___ ═
2024-10-02 13:25:09,046 INFO     ___FILE_ONLY___ ═
2024-10-02 13:25:09,048 INFO     ___FILE_ONLY___ ═
2024-10-02 13:25:09,050 INFO     ___FILE_ONLY___ ═
2024-10-02 13:25:09,053 INFO     ___FILE_ONLY___ ═
2024-10-02 13:25:09,056 INFO     ___FILE_ONLY___ ═
2024-10-02 13:25:09,058 INFO     ___FILE_ONLY___ ═
2024-10-02 13:25:09,060 INFO     ___FILE_ONLY___ ═
2024-10-02 13:25:09,062 INFO     ___FILE_ONLY___ ═
2024-10-02 13:25:09,064 INFO     ___FILE_ONLY___ ═
2024-10-02 13:25:09,067 INFO     ___FILE_ONLY___ ═
2024-10-02 13:25:09,069 INFO     ___FILE_ONLY___ ═
2024-10-02 13:25:09,070 INFO     ___FILE_ONLY___ ═
2024-10-02 13:25:09,072 INFO     ___FILE_ONLY___ ═
2024-10-02 13:25:09,074 INFO     ___FILE_ONLY___ ═
2024-10-02 13:25:09,075 INFO     ___FILE_ONLY___ ═
2024-10-02 13:25:09,077 INFO     ___FILE_ONLY___ ═
2024-10-02 13:25:09,079 INFO     ___FILE_ONLY___ ═
2024-10-02 13:25:09,080 INFO     ___FILE_ONLY___ ═
2024-10-02 13:25:09,082 INFO     ___FILE_ONLY___ ═
2024-10-02 13:25:09,084 INFO     ___FILE_ONLY___ ═
2024-10-02 13:25:09,085 INFO     ___FILE_ONLY___ ═
2024-10-02 13:25:09,087 INFO     ___FILE_ONLY___ ═
2024-10-02 13:25:09,089 INFO     ___FILE_ONLY___ ═
2024-10-02 13:25:09,090 INFO     ___FILE_ONLY___ ═
2024-10-02 13:25:09,092 INFO     ___FILE_ONLY___ ═
2024-10-02 13:25:09,094 INFO     ___FILE_ONLY___ ═
2024-10-02 13:25:09,095 INFO     ___FILE_ONLY___ ═
2024-10-02 13:25:09,097 INFO     ___FILE_ONLY___ ═
2024-10-02 13:25:09,099 INFO     ___FILE_ONLY___ ═
2024-10-02 13:25:09,101 INFO     ___FILE_ONLY___ ═
2024-10-02 13:25:09,102 INFO     ___FILE_ONLY___ ═
2024-10-02 13:25:09,104 INFO     ___FILE_ONLY___ ═
2024-10-02 13:25:09,106 INFO     ___FILE_ONLY___ ═
2024-10-02 13:25:09,107 INFO     ___FILE_ONLY___ ═
2024-10-02 13:25:09,109 INFO     ___FILE_ONLY___ ═
2024-10-02 13:25:09,111 INFO     ___FILE_ONLY___ ═
2024-10-02 13:25:09,113 INFO     ___FILE_ONLY___ ═
2024-10-02 13:25:09,114 INFO     ___FILE_ONLY___ ═
2024-10-02 13:25:09,116 INFO     ___FILE_ONLY___ ═
2024-10-02 13:25:09,118 INFO     ___FILE_ONLY___ ═
2024-10-02 13:25:09,118 INFO     ___FILE_ONLY___ ╝

2024-10-02 13:25:09,120 INFO     ___FILE_ONLY___ ╔════════════════════════════════════════════════════════════╗

2024-10-02 13:25:09,120 INFO     ___FILE_ONLY___ ╠═ Downloading: Cloud Storage Command Line Tool             ═╣

2024-10-02 13:25:09,121 INFO     ___FILE_ONLY___ ╚
2024-10-02 13:25:09,130 DEBUG    urllib3.connectionpool Starting new HTTPS connection (1): dl.google.com:443
2024-10-02 13:25:09,190 DEBUG    urllib3.connectionpool https://dl.google.com:443 "GET /dl/cloudsdk/channels/rapid/components/google-cloud-sdk-gsutil-20240614142823.tar.gz HTTP/1.1" 200 11883175
2024-10-02 13:25:09,232 INFO     ___FILE_ONLY___ ═
2024-10-02 13:25:09,232 INFO     ___FILE_ONLY___ ═
2024-10-02 13:25:09,233 INFO     ___FILE_ONLY___ ═
2024-10-02 13:25:09,233 INFO     ___FILE_ONLY___ ═
2024-10-02 13:25:09,234 INFO     ___FILE_ONLY___ ═
2024-10-02 13:25:09,234 INFO     ___FILE_ONLY___ ═
2024-10-02 13:25:09,234 INFO     ___FILE_ONLY___ ═
2024-10-02 13:25:09,235 INFO     ___FILE_ONLY___ ═
2024-10-02 13:25:09,235 INFO     ___FILE_ONLY___ ═
2024-10-02 13:25:09,235 INFO     ___FILE_ONLY___ ═
2024-10-02 13:25:09,236 INFO     ___FILE_ONLY___ ═
2024-10-02 13:25:09,236 INFO     ___FILE_ONLY___ ═
2024-10-02 13:25:09,236 INFO     ___FILE_ONLY___ ═
2024-10-02 13:25:09,237 INFO     ___FILE_ONLY___ ═
2024-10-02 13:25:09,237 INFO     ___FILE_ONLY___ ═
2024-10-02 13:25:09,237 INFO     ___FILE_ONLY___ ═
2024-10-02 13:25:09,237 INFO     ___FILE_ONLY___ ═
2024-10-02 13:25:09,238 INFO     ___FILE_ONLY___ ═
2024-10-02 13:25:09,238 INFO     ___FILE_ONLY___ ═
2024-10-02 13:25:09,238 INFO     ___FILE_ONLY___ ═
2024-10-02 13:25:09,239 INFO     ___FILE_ONLY___ ═
2024-10-02 13:25:09,239 INFO     ___FILE_ONLY___ ═
2024-10-02 13:25:09,239 INFO     ___FILE_ONLY___ ═
2024-10-02 13:25:09,240 INFO     ___FILE_ONLY___ ═
2024-10-02 13:25:09,240 INFO     ___FILE_ONLY___ ═
2024-10-02 13:25:09,240 INFO     ___FILE_ONLY___ ═
2024-10-02 13:25:09,241 INFO     ___FILE_ONLY___ ═
2024-10-02 13:25:09,241 INFO     ___FILE_ONLY___ ═
2024-10-02 13:25:09,241 INFO     ___FILE_ONLY___ ═
2024-10-02 13:25:09,242 INFO     ___FILE_ONLY___ ═
2024-10-02 13:25:09,242 INFO     ___FILE_ONLY___ ═
2024-10-02 13:25:09,242 INFO     ___FILE_ONLY___ ═
2024-10-02 13:25:09,243 INFO     ___FILE_ONLY___ ═
2024-10-02 13:25:09,243 INFO     ___FILE_ONLY___ ═
2024-10-02 13:25:09,243 INFO     ___FILE_ONLY___ ═
2024-10-02 13:25:09,244 INFO     ___FILE_ONLY___ ═
2024-10-02 13:25:09,244 INFO     ___FILE_ONLY___ ═
2024-10-02 13:25:09,244 INFO     ___FILE_ONLY___ ═
2024-10-02 13:25:09,245 INFO     ___FILE_ONLY___ ═
2024-10-02 13:25:09,245 INFO     ___FILE_ONLY___ ═
2024-10-02 13:25:09,245 INFO     ___FILE_ONLY___ ═
2024-10-02 13:25:09,246 INFO     ___FILE_ONLY___ ═
2024-10-02 13:25:09,246 INFO     ___FILE_ONLY___ ═
2024-10-02 13:25:09,246 INFO     ___FILE_ONLY___ ═
2024-10-02 13:25:09,247 INFO     ___FILE_ONLY___ ═
2024-10-02 13:25:09,247 INFO     ___FILE_ONLY___ ═
2024-10-02 13:25:09,247 INFO     ___FILE_ONLY___ ═
2024-10-02 13:25:09,248 INFO     ___FILE_ONLY___ ═
2024-10-02 13:25:09,248 INFO     ___FILE_ONLY___ ═
2024-10-02 13:25:09,248 INFO     ___FILE_ONLY___ ═
2024-10-02 13:25:09,249 INFO     ___FILE_ONLY___ ═
2024-10-02 13:25:09,249 INFO     ___FILE_ONLY___ ═
2024-10-02 13:25:09,249 INFO     ___FILE_ONLY___ ═
2024-10-02 13:25:09,250 INFO     ___FILE_ONLY___ ═
2024-10-02 13:25:09,250 INFO     ___FILE_ONLY___ ═
2024-10-02 13:25:09,250 INFO     ___FILE_ONLY___ ═
2024-10-02 13:25:09,251 INFO     ___FILE_ONLY___ ═
2024-10-02 13:25:09,251 INFO     ___FILE_ONLY___ ═
2024-10-02 13:25:09,251 INFO     ___FILE_ONLY___ ═
2024-10-02 13:25:09,252 INFO     ___FILE_ONLY___ ═
2024-10-02 13:25:09,252 INFO     ___FILE_ONLY___ ╝

2024-10-02 13:25:09,254 INFO     ___FILE_ONLY___ ╔════════════════════════════════════════════════════════════╗

2024-10-02 13:25:09,254 INFO     ___FILE_ONLY___ ╠═ Downloading: Cloud Storage Command Line Tool (Platfor... ═╣

2024-10-02 13:25:09,254 INFO     ___FILE_ONLY___ ╚
2024-10-02 13:25:09,258 DEBUG    urllib3.connectionpool Starting new HTTPS connection (1): dl.google.com:443
2024-10-02 13:25:09,316 DEBUG    urllib3.connectionpool https://dl.google.com:443 "GET /dl/cloudsdk/channels/rapid/components/google-cloud-sdk-gsutil-nix-20240830134514.tar.gz HTTP/1.1" 200 1928
2024-10-02 13:25:09,317 INFO     ___FILE_ONLY___ ════════════════════════════════════════════════════════════
2024-10-02 13:25:09,317 INFO     ___FILE_ONLY___ ╝

2024-10-02 13:25:09,319 INFO     ___FILE_ONLY___ ╔════════════════════════════════════════════════════════════╗

2024-10-02 13:25:09,319 INFO     ___FILE_ONLY___ ╠═ Downloading: Default set of gcloud commands              ═╣

2024-10-02 13:25:09,319 INFO     ___FILE_ONLY___ ╚
2024-10-02 13:25:09,319 INFO     ___FILE_ONLY___ ════════════════════════════════════════════════════════════
2024-10-02 13:25:09,319 INFO     ___FILE_ONLY___ ╝

2024-10-02 13:25:09,321 INFO     ___FILE_ONLY___ ╔════════════════════════════════════════════════════════════╗

2024-10-02 13:25:09,321 INFO     ___FILE_ONLY___ ╠═ Downloading: Google Cloud CLI Core Libraries (Platfor... ═╣

2024-10-02 13:25:09,321 INFO     ___FILE_ONLY___ ╚
2024-10-02 13:25:09,325 DEBUG    urllib3.connectionpool Starting new HTTPS connection (1): dl.google.com:443
2024-10-02 13:25:09,389 DEBUG    urllib3.connectionpool https://dl.google.com:443 "GET /dl/cloudsdk/channels/rapid/components/google-cloud-sdk-core-nix-20240830134514.tar.gz HTTP/1.1" 200 2306
2024-10-02 13:25:09,390 INFO     ___FILE_ONLY___ ════════════════════════════════════════════════════════════
2024-10-02 13:25:09,390 INFO     ___FILE_ONLY___ ╝

2024-10-02 13:25:09,392 INFO     ___FILE_ONLY___ ╔════════════════════════════════════════════════════════════╗

2024-10-02 13:25:09,393 INFO     ___FILE_ONLY___ ╠═ Downloading: Google Cloud CRC32C Hash Tool               ═╣

2024-10-02 13:25:09,393 INFO     ___FILE_ONLY___ ╚
2024-10-02 13:25:09,393 INFO     ___FILE_ONLY___ ════════════════════════════════════════════════════════════
2024-10-02 13:25:09,393 INFO     ___FILE_ONLY___ ╝

2024-10-02 13:25:09,395 INFO     ___FILE_ONLY___ ╔════════════════════════════════════════════════════════════╗

2024-10-02 13:25:09,395 INFO     ___FILE_ONLY___ ╠═ Downloading: Google Cloud CRC32C Hash Tool (Platform ... ═╣

2024-10-02 13:25:09,395 INFO     ___FILE_ONLY___ ╚
2024-10-02 13:25:09,398 DEBUG    urllib3.connectionpool Starting new HTTPS connection (1): dl.google.com:443
2024-10-02 13:25:09,457 DEBUG    urllib3.connectionpool https://dl.google.com:443 "GET /dl/cloudsdk/channels/rapid/components/google-cloud-sdk-gcloud-crc32c-linux-x86_64-20240712142834.tar.gz HTTP/1.1" 200 1350263
2024-10-02 13:25:09,468 INFO     ___FILE_ONLY___ ═
2024-10-02 13:25:09,468 INFO     ___FILE_ONLY___ ═
2024-10-02 13:25:09,468 INFO     ___FILE_ONLY___ ═
2024-10-02 13:25:09,468 INFO     ___FILE_ONLY___ ═
2024-10-02 13:25:09,468 INFO     ___FILE_ONLY___ ═
2024-10-02 13:25:09,468 INFO     ___FILE_ONLY___ ═
2024-10-02 13:25:09,468 INFO     ___FILE_ONLY___ ═
2024-10-02 13:25:09,468 INFO     ___FILE_ONLY___ ═
2024-10-02 13:25:09,468 INFO     ___FILE_ONLY___ ═
2024-10-02 13:25:09,468 INFO     ___FILE_ONLY___ ═
2024-10-02 13:25:09,469 INFO     ___FILE_ONLY___ ═
2024-10-02 13:25:09,469 INFO     ___FILE_ONLY___ ═
2024-10-02 13:25:09,469 INFO     ___FILE_ONLY___ ═
2024-10-02 13:25:09,469 INFO     ___FILE_ONLY___ ═
2024-10-02 13:25:09,469 INFO     ___FILE_ONLY___ ═
2024-10-02 13:25:09,469 INFO     ___FILE_ONLY___ ═
2024-10-02 13:25:09,469 INFO     ___FILE_ONLY___ ═
2024-10-02 13:25:09,469 INFO     ___FILE_ONLY___ ═
2024-10-02 13:25:09,469 INFO     ___FILE_ONLY___ ═
2024-10-02 13:25:09,469 INFO     ___FILE_ONLY___ ═
2024-10-02 13:25:09,470 INFO     ___FILE_ONLY___ ═
2024-10-02 13:25:09,470 INFO     ___FILE_ONLY___ ═
2024-10-02 13:25:09,470 INFO     ___FILE_ONLY___ ═
2024-10-02 13:25:09,470 INFO     ___FILE_ONLY___ ═
2024-10-02 13:25:09,470 INFO     ___FILE_ONLY___ ═
2024-10-02 13:25:09,470 INFO     ___FILE_ONLY___ ═
2024-10-02 13:25:09,470 INFO     ___FILE_ONLY___ ═
2024-10-02 13:25:09,470 INFO     ___FILE_ONLY___ ═
2024-10-02 13:25:09,470 INFO     ___FILE_ONLY___ ═
2024-10-02 13:25:09,471 INFO     ___FILE_ONLY___ ═
2024-10-02 13:25:09,471 INFO     ___FILE_ONLY___ ═
2024-10-02 13:25:09,471 INFO     ___FILE_ONLY___ ═
2024-10-02 13:25:09,471 INFO     ___FILE_ONLY___ ═
2024-10-02 13:25:09,471 INFO     ___FILE_ONLY___ ═
2024-10-02 13:25:09,471 INFO     ___FILE_ONLY___ ═
2024-10-02 13:25:09,471 INFO     ___FILE_ONLY___ ═
2024-10-02 13:25:09,471 INFO     ___FILE_ONLY___ ═
2024-10-02 13:25:09,471 INFO     ___FILE_ONLY___ ═
2024-10-02 13:25:09,471 INFO     ___FILE_ONLY___ ═
2024-10-02 13:25:09,471 INFO     ___FILE_ONLY___ ═
2024-10-02 13:25:09,472 INFO     ___FILE_ONLY___ ═
2024-10-02 13:25:09,472 INFO     ___FILE_ONLY___ ═
2024-10-02 13:25:09,472 INFO     ___FILE_ONLY___ ═
2024-10-02 13:25:09,472 INFO     ___FILE_ONLY___ ═
2024-10-02 13:25:09,472 INFO     ___FILE_ONLY___ ═
2024-10-02 13:25:09,472 INFO     ___FILE_ONLY___ ═
2024-10-02 13:25:09,472 INFO     ___FILE_ONLY___ ═
2024-10-02 13:25:09,472 INFO     ___FILE_ONLY___ ═
2024-10-02 13:25:09,472 INFO     ___FILE_ONLY___ ═
2024-10-02 13:25:09,472 INFO     ___FILE_ONLY___ ═
2024-10-02 13:25:09,473 INFO     ___FILE_ONLY___ ═
2024-10-02 13:25:09,473 INFO     ___FILE_ONLY___ ═
2024-10-02 13:25:09,473 INFO     ___FILE_ONLY___ ═
2024-10-02 13:25:09,473 INFO     ___FILE_ONLY___ ═
2024-10-02 13:25:09,473 INFO     ___FILE_ONLY___ ═
2024-10-02 13:25:09,473 INFO     ___FILE_ONLY___ ═
2024-10-02 13:25:09,473 INFO     ___FILE_ONLY___ ═
2024-10-02 13:25:09,473 INFO     ___FILE_ONLY___ ═
2024-10-02 13:25:09,473 INFO     ___FILE_ONLY___ ═
2024-10-02 13:25:09,473 INFO     ___FILE_ONLY___ ═
2024-10-02 13:25:09,474 INFO     ___FILE_ONLY___ ╝

2024-10-02 13:25:09,475 INFO     ___FILE_ONLY___ ╔════════════════════════════════════════════════════════════╗

2024-10-02 13:25:09,476 INFO     ___FILE_ONLY___ ╠═ Downloading: gcloud cli dependencies (Platform Specific) ═╣

2024-10-02 13:25:09,476 INFO     ___FILE_ONLY___ ╚
2024-10-02 13:25:09,479 DEBUG    urllib3.connectionpool Starting new HTTPS connection (1): dl.google.com:443
2024-10-02 13:25:09,539 DEBUG    urllib3.connectionpool https://dl.google.com:443 "GET /dl/cloudsdk/channels/rapid/components/google-cloud-sdk-gcloud-deps-linux-x86_64-20210416153011.tar.gz HTTP/1.1" 200 104
2024-10-02 13:25:09,539 INFO     ___FILE_ONLY___ ════════════════════════════════════════════════════════════
2024-10-02 13:25:09,540 INFO     ___FILE_ONLY___ ╝

2024-10-02 13:25:09,542 INFO     ___FILE_ONLY___ ╔════════════════════════════════════════════════════════════╗

2024-10-02 13:25:09,542 INFO     ___FILE_ONLY___ ╠═ Installing: BigQuery Command Line Tool                   ═╣

2024-10-02 13:25:09,542 INFO     ___FILE_ONLY___ ╚
2024-10-02 13:25:09,663 INFO     ___FILE_ONLY___ ═
2024-10-02 13:25:09,666 INFO     ___FILE_ONLY___ ═
2024-10-02 13:25:09,669 INFO     ___FILE_ONLY___ ═
2024-10-02 13:25:09,672 INFO     ___FILE_ONLY___ ═
2024-10-02 13:25:09,675 INFO     ___FILE_ONLY___ ═
2024-10-02 13:25:09,677 INFO     ___FILE_ONLY___ ═
2024-10-02 13:25:09,679 INFO     ___FILE_ONLY___ ═
2024-10-02 13:25:09,682 INFO     ___FILE_ONLY___ ═
2024-10-02 13:25:09,685 INFO     ___FILE_ONLY___ ═
2024-10-02 13:25:09,687 INFO     ___FILE_ONLY___ ═
2024-10-02 13:25:09,689 INFO     ___FILE_ONLY___ ═
2024-10-02 13:25:09,692 INFO     ___FILE_ONLY___ ═
2024-10-02 13:25:09,695 INFO     ___FILE_ONLY___ ═
2024-10-02 13:25:09,697 INFO     ___FILE_ONLY___ ═
2024-10-02 13:25:09,700 INFO     ___FILE_ONLY___ ═
2024-10-02 13:25:09,702 INFO     ___FILE_ONLY___ ═
2024-10-02 13:25:09,705 INFO     ___FILE_ONLY___ ═
2024-10-02 13:25:09,708 INFO     ___FILE_ONLY___ ═
2024-10-02 13:25:09,711 INFO     ___FILE_ONLY___ ═
2024-10-02 13:25:09,714 INFO     ___FILE_ONLY___ ═
2024-10-02 13:25:09,716 INFO     ___FILE_ONLY___ ═
2024-10-02 13:25:09,719 INFO     ___FILE_ONLY___ ═
2024-10-02 13:25:09,720 INFO     ___FILE_ONLY___ ═
2024-10-02 13:25:09,723 INFO     ___FILE_ONLY___ ═
2024-10-02 13:25:09,726 INFO     ___FILE_ONLY___ ═
2024-10-02 13:25:09,728 INFO     ___FILE_ONLY___ ═
2024-10-02 13:25:09,730 INFO     ___FILE_ONLY___ ═
2024-10-02 13:25:09,735 INFO     ___FILE_ONLY___ ═
2024-10-02 13:25:09,737 INFO     ___FILE_ONLY___ ═
2024-10-02 13:25:09,739 INFO     ___FILE_ONLY___ ═
2024-10-02 13:25:09,741 INFO     ___FILE_ONLY___ ═
2024-10-02 13:25:09,744 INFO     ___FILE_ONLY___ ═
2024-10-02 13:25:09,747 INFO     ___FILE_ONLY___ ═
2024-10-02 13:25:09,752 INFO     ___FILE_ONLY___ ═
2024-10-02 13:25:09,760 INFO     ___FILE_ONLY___ ═
2024-10-02 13:25:09,761 INFO     ___FILE_ONLY___ ═
2024-10-02 13:25:09,764 INFO     ___FILE_ONLY___ ═
2024-10-02 13:25:09,769 INFO     ___FILE_ONLY___ ═
2024-10-02 13:25:09,771 INFO     ___FILE_ONLY___ ═
2024-10-02 13:25:09,774 INFO     ___FILE_ONLY___ ═
2024-10-02 13:25:09,776 INFO     ___FILE_ONLY___ ═
2024-10-02 13:25:09,779 INFO     ___FILE_ONLY___ ═
2024-10-02 13:25:09,783 INFO     ___FILE_ONLY___ ═
2024-10-02 13:25:09,785 INFO     ___FILE_ONLY___ ═
2024-10-02 13:25:09,787 INFO     ___FILE_ONLY___ ═
2024-10-02 13:25:09,790 INFO     ___FILE_ONLY___ ═
2024-10-02 13:25:09,792 INFO     ___FILE_ONLY___ ═
2024-10-02 13:25:09,795 INFO     ___FILE_ONLY___ ═
2024-10-02 13:25:09,797 INFO     ___FILE_ONLY___ ═
2024-10-02 13:25:09,799 INFO     ___FILE_ONLY___ ═
2024-10-02 13:25:09,801 INFO     ___FILE_ONLY___ ═
2024-10-02 13:25:09,803 INFO     ___FILE_ONLY___ ═
2024-10-02 13:25:09,806 INFO     ___FILE_ONLY___ ═
2024-10-02 13:25:09,808 INFO     ___FILE_ONLY___ ═
2024-10-02 13:25:09,810 INFO     ___FILE_ONLY___ ═
2024-10-02 13:25:09,812 INFO     ___FILE_ONLY___ ═
2024-10-02 13:25:09,815 INFO     ___FILE_ONLY___ ═
2024-10-02 13:25:09,818 INFO     ___FILE_ONLY___ ═
2024-10-02 13:25:09,820 INFO     ___FILE_ONLY___ ═
2024-10-02 13:25:09,823 INFO     ___FILE_ONLY___ ═
2024-10-02 13:25:09,823 INFO     ___FILE_ONLY___ ╝

2024-10-02 13:25:09,838 INFO     ___FILE_ONLY___ ╔════════════════════════════════════════════════════════════╗

2024-10-02 13:25:09,839 INFO     ___FILE_ONLY___ ╠═ Installing: BigQuery Command Line Tool (Platform Spec... ═╣

2024-10-02 13:25:09,839 INFO     ___FILE_ONLY___ ╚
2024-10-02 13:25:09,840 INFO     ___FILE_ONLY___ ════════════════════════════════════════════════════════════
2024-10-02 13:25:09,840 INFO     ___FILE_ONLY___ ╝

2024-10-02 13:25:09,847 INFO     ___FILE_ONLY___ ╔════════════════════════════════════════════════════════════╗

2024-10-02 13:25:09,847 INFO     ___FILE_ONLY___ ╠═ Installing: Bundled Python 3.11                          ═╣

2024-10-02 13:25:09,847 INFO     ___FILE_ONLY___ ╚
2024-10-02 13:25:09,852 INFO     ___FILE_ONLY___ ════════════════════════════════════════════════════════════
2024-10-02 13:25:09,852 INFO     ___FILE_ONLY___ ╝

2024-10-02 13:25:09,854 INFO     ___FILE_ONLY___ ╔════════════════════════════════════════════════════════════╗

2024-10-02 13:25:09,854 INFO     ___FILE_ONLY___ ╠═ Installing: Bundled Python 3.11 (Platform Specific)      ═╣

2024-10-02 13:25:09,854 INFO     ___FILE_ONLY___ ╚
2024-10-02 13:25:11,953 INFO     ___FILE_ONLY___ ═
2024-10-02 13:25:11,970 INFO     ___FILE_ONLY___ ═
2024-10-02 13:25:11,985 INFO     ___FILE_ONLY___ ═
2024-10-02 13:25:11,998 INFO     ___FILE_ONLY___ ═
2024-10-02 13:25:12,011 INFO     ___FILE_ONLY___ ═
2024-10-02 13:25:12,025 INFO     ___FILE_ONLY___ ═
2024-10-02 13:25:12,039 INFO     ___FILE_ONLY___ ═
2024-10-02 13:25:12,052 INFO     ___FILE_ONLY___ ═
2024-10-02 13:25:12,066 INFO     ___FILE_ONLY___ ═
2024-10-02 13:25:12,079 INFO     ___FILE_ONLY___ ═
2024-10-02 13:25:12,093 INFO     ___FILE_ONLY___ ═
2024-10-02 13:25:12,105 INFO     ___FILE_ONLY___ ═
2024-10-02 13:25:12,119 INFO     ___FILE_ONLY___ ═
2024-10-02 13:25:12,133 INFO     ___FILE_ONLY___ ═
2024-10-02 13:25:12,147 INFO     ___FILE_ONLY___ ═
2024-10-02 13:25:12,160 INFO     ___FILE_ONLY___ ═
2024-10-02 13:25:12,174 INFO     ___FILE_ONLY___ ═
2024-10-02 13:25:12,186 INFO     ___FILE_ONLY___ ═
2024-10-02 13:25:12,200 INFO     ___FILE_ONLY___ ═
2024-10-02 13:25:12,213 INFO     ___FILE_ONLY___ ═
2024-10-02 13:25:12,225 INFO     ___FILE_ONLY___ ═
2024-10-02 13:25:12,239 INFO     ___FILE_ONLY___ ═
2024-10-02 13:25:12,252 INFO     ___FILE_ONLY___ ═
2024-10-02 13:25:12,264 INFO     ___FILE_ONLY___ ═
2024-10-02 13:25:12,279 INFO     ___FILE_ONLY___ ═
2024-10-02 13:25:12,292 INFO     ___FILE_ONLY___ ═
2024-10-02 13:25:12,305 INFO     ___FILE_ONLY___ ═
2024-10-02 13:25:12,318 INFO     ___FILE_ONLY___ ═
2024-10-02 13:25:12,331 INFO     ___FILE_ONLY___ ═
2024-10-02 13:25:12,344 INFO     ___FILE_ONLY___ ═
2024-10-02 13:25:12,357 INFO     ___FILE_ONLY___ ═
2024-10-02 13:25:12,370 INFO     ___FILE_ONLY___ ═
2024-10-02 13:25:12,383 INFO     ___FILE_ONLY___ ═
2024-10-02 13:25:12,395 INFO     ___FILE_ONLY___ ═
2024-10-02 13:25:12,408 INFO     ___FILE_ONLY___ ═
2024-10-02 13:25:12,421 INFO     ___FILE_ONLY___ ═
2024-10-02 13:25:13,152 INFO     ___FILE_ONLY___ ═
2024-10-02 13:25:13,180 INFO     ___FILE_ONLY___ ═
2024-10-02 13:25:13,206 INFO     ___FILE_ONLY___ ═
2024-10-02 13:25:13,228 INFO     ___FILE_ONLY___ ═
2024-10-02 13:25:13,251 INFO     ___FILE_ONLY___ ═
2024-10-02 13:25:13,393 INFO     ___FILE_ONLY___ ═
2024-10-02 13:25:13,423 INFO     ___FILE_ONLY___ ═
2024-10-02 13:25:13,444 INFO     ___FILE_ONLY___ ═
2024-10-02 13:25:13,463 INFO     ___FILE_ONLY___ ═
2024-10-02 13:25:13,484 INFO     ___FILE_ONLY___ ═
2024-10-02 13:25:13,514 INFO     ___FILE_ONLY___ ═
2024-10-02 13:25:13,536 INFO     ___FILE_ONLY___ ═
2024-10-02 13:25:13,554 INFO     ___FILE_ONLY___ ═
2024-10-02 13:25:13,569 INFO     ___FILE_ONLY___ ═
2024-10-02 13:25:13,660 INFO     ___FILE_ONLY___ ═
2024-10-02 13:25:13,680 INFO     ___FILE_ONLY___ ═
2024-10-02 13:25:13,700 INFO     ___FILE_ONLY___ ═
2024-10-02 13:25:13,719 INFO     ___FILE_ONLY___ ═
2024-10-02 13:25:13,763 INFO     ___FILE_ONLY___ ═
2024-10-02 13:25:14,127 INFO     ___FILE_ONLY___ ═
2024-10-02 13:25:14,146 INFO     ___FILE_ONLY___ ═
2024-10-02 13:25:14,167 INFO     ___FILE_ONLY___ ═
2024-10-02 13:25:14,185 INFO     ___FILE_ONLY___ ═
2024-10-02 13:25:14,578 INFO     ___FILE_ONLY___ ═
2024-10-02 13:25:14,579 INFO     ___FILE_ONLY___ ╝

2024-10-02 13:25:14,684 INFO     ___FILE_ONLY___ ╔════════════════════════════════════════════════════════════╗

2024-10-02 13:25:14,684 INFO     ___FILE_ONLY___ ╠═ Installing: Cloud Storage Command Line Tool              ═╣

2024-10-02 13:25:14,684 INFO     ___FILE_ONLY___ ╚
2024-10-02 13:25:15,337 INFO     ___FILE_ONLY___ ═
2024-10-02 13:25:15,349 INFO     ___FILE_ONLY___ ═
2024-10-02 13:25:15,363 INFO     ___FILE_ONLY___ ═
2024-10-02 13:25:15,382 INFO     ___FILE_ONLY___ ═
2024-10-02 13:25:15,398 INFO     ___FILE_ONLY___ ═
2024-10-02 13:25:15,414 INFO     ___FILE_ONLY___ ═
2024-10-02 13:25:15,428 INFO     ___FILE_ONLY___ ═
2024-10-02 13:25:15,450 INFO     ___FILE_ONLY___ ═
2024-10-02 13:25:15,463 INFO     ___FILE_ONLY___ ═
2024-10-02 13:25:15,474 INFO     ___FILE_ONLY___ ═
2024-10-02 13:25:15,486 INFO     ___FILE_ONLY___ ═
2024-10-02 13:25:15,524 INFO     ___FILE_ONLY___ ═
2024-10-02 13:25:15,536 INFO     ___FILE_ONLY___ ═
2024-10-02 13:25:15,550 INFO     ___FILE_ONLY___ ═
2024-10-02 13:25:15,563 INFO     ___FILE_ONLY___ ═
2024-10-02 13:25:15,572 INFO     ___FILE_ONLY___ ═
2024-10-02 13:25:15,582 INFO     ___FILE_ONLY___ ═
2024-10-02 13:25:15,593 INFO     ___FILE_ONLY___ ═
2024-10-02 13:25:15,603 INFO     ___FILE_ONLY___ ═
2024-10-02 13:25:15,615 INFO     ___FILE_ONLY___ ═
2024-10-02 13:25:15,625 INFO     ___FILE_ONLY___ ═
2024-10-02 13:25:15,635 INFO     ___FILE_ONLY___ ═
2024-10-02 13:25:15,645 INFO     ___FILE_ONLY___ ═
2024-10-02 13:25:15,658 INFO     ___FILE_ONLY___ ═
2024-10-02 13:25:15,668 INFO     ___FILE_ONLY___ ═
2024-10-02 13:25:15,681 INFO     ___FILE_ONLY___ ═
2024-10-02 13:25:15,696 INFO     ___FILE_ONLY___ ═
2024-10-02 13:25:15,711 INFO     ___FILE_ONLY___ ═
2024-10-02 13:25:15,724 INFO     ___FILE_ONLY___ ═
2024-10-02 13:25:15,743 INFO     ___FILE_ONLY___ ═
2024-10-02 13:25:15,754 INFO     ___FILE_ONLY___ ═
2024-10-02 13:25:15,766 INFO     ___FILE_ONLY___ ═
2024-10-02 13:25:15,777 INFO     ___FILE_ONLY___ ═
2024-10-02 13:25:15,793 INFO     ___FILE_ONLY___ ═
2024-10-02 13:25:15,804 INFO     ___FILE_ONLY___ ═
2024-10-02 13:25:15,816 INFO     ___FILE_ONLY___ ═
2024-10-02 13:25:15,831 INFO     ___FILE_ONLY___ ═
2024-10-02 13:25:15,846 INFO     ___FILE_ONLY___ ═
2024-10-02 13:25:15,861 INFO     ___FILE_ONLY___ ═
2024-10-02 13:25:15,878 INFO     ___FILE_ONLY___ ═
2024-10-02 13:25:15,892 INFO     ___FILE_ONLY___ ═
2024-10-02 13:25:15,903 INFO     ___FILE_ONLY___ ═
2024-10-02 13:25:15,914 INFO     ___FILE_ONLY___ ═
2024-10-02 13:25:15,928 INFO     ___FILE_ONLY___ ═
2024-10-02 13:25:15,942 INFO     ___FILE_ONLY___ ═
2024-10-02 13:25:15,957 INFO     ___FILE_ONLY___ ═
2024-10-02 13:25:15,971 INFO     ___FILE_ONLY___ ═
2024-10-02 13:25:15,984 INFO     ___FILE_ONLY___ ═
2024-10-02 13:25:16,000 INFO     ___FILE_ONLY___ ═
2024-10-02 13:25:16,014 INFO     ___FILE_ONLY___ ═
2024-10-02 13:25:16,026 INFO     ___FILE_ONLY___ ═
2024-10-02 13:25:16,039 INFO     ___FILE_ONLY___ ═
2024-10-02 13:25:16,053 INFO     ___FILE_ONLY___ ═
2024-10-02 13:25:16,065 INFO     ___FILE_ONLY___ ═
2024-10-02 13:25:16,077 INFO     ___FILE_ONLY___ ═
2024-10-02 13:25:16,089 INFO     ___FILE_ONLY___ ═
2024-10-02 13:25:16,101 INFO     ___FILE_ONLY___ ═
2024-10-02 13:25:16,124 INFO     ___FILE_ONLY___ ═
2024-10-02 13:25:16,142 INFO     ___FILE_ONLY___ ═
2024-10-02 13:25:16,161 INFO     ___FILE_ONLY___ ═
2024-10-02 13:25:16,162 INFO     ___FILE_ONLY___ ╝

2024-10-02 13:25:16,235 INFO     ___FILE_ONLY___ ╔════════════════════════════════════════════════════════════╗

2024-10-02 13:25:16,235 INFO     ___FILE_ONLY___ ╠═ Installing: Cloud Storage Command Line Tool (Platform... ═╣

2024-10-02 13:25:16,235 INFO     ___FILE_ONLY___ ╚
2024-10-02 13:25:16,236 INFO     ___FILE_ONLY___ ════════════════════════════════════════════════════════════
2024-10-02 13:25:16,237 INFO     ___FILE_ONLY___ ╝

2024-10-02 13:25:16,244 INFO     ___FILE_ONLY___ ╔════════════════════════════════════════════════════════════╗

2024-10-02 13:25:16,244 INFO     ___FILE_ONLY___ ╠═ Installing: Default set of gcloud commands               ═╣

2024-10-02 13:25:16,244 INFO     ___FILE_ONLY___ ╚
2024-10-02 13:25:16,250 INFO     ___FILE_ONLY___ ════════════════════════════════════════════════════════════
2024-10-02 13:25:16,250 INFO     ___FILE_ONLY___ ╝

2024-10-02 13:25:16,251 INFO     ___FILE_ONLY___ ╔════════════════════════════════════════════════════════════╗

2024-10-02 13:25:16,252 INFO     ___FILE_ONLY___ ╠═ Installing: Google Cloud CLI Core Libraries (Platform... ═╣

2024-10-02 13:25:16,252 INFO     ___FILE_ONLY___ ╚
2024-10-02 13:25:16,253 INFO     ___FILE_ONLY___ ══════════════════════════════
2024-10-02 13:25:16,253 INFO     ___FILE_ONLY___ ══════════════════════════════
2024-10-02 13:25:16,253 INFO     ___FILE_ONLY___ ╝

2024-10-02 13:25:16,260 INFO     ___FILE_ONLY___ ╔════════════════════════════════════════════════════════════╗

2024-10-02 13:25:16,261 INFO     ___FILE_ONLY___ ╠═ Installing: Google Cloud CRC32C Hash Tool                ═╣

2024-10-02 13:25:16,261 INFO     ___FILE_ONLY___ ╚
2024-10-02 13:25:16,266 INFO     ___FILE_ONLY___ ════════════════════════════════════════════════════════════
2024-10-02 13:25:16,266 INFO     ___FILE_ONLY___ ╝

2024-10-02 13:25:16,268 INFO     ___FILE_ONLY___ ╔════════════════════════════════════════════════════════════╗

2024-10-02 13:25:16,268 INFO     ___FILE_ONLY___ ╠═ Installing: Google Cloud CRC32C Hash Tool (Platform S... ═╣

2024-10-02 13:25:16,268 INFO     ___FILE_ONLY___ ╚
2024-10-02 13:25:16,302 INFO     ___FILE_ONLY___ ══════════════════════════════
2024-10-02 13:25:16,302 INFO     ___FILE_ONLY___ ══════════════════════════════
2024-10-02 13:25:16,302 INFO     ___FILE_ONLY___ ╝

2024-10-02 13:25:16,310 INFO     ___FILE_ONLY___ ╔════════════════════════════════════════════════════════════╗

2024-10-02 13:25:16,310 INFO     ___FILE_ONLY___ ╠═ Installing: gcloud cli dependencies (Platform Specific)  ═╣

2024-10-02 13:25:16,311 INFO     ___FILE_ONLY___ ╚
2024-10-02 13:25:16,311 INFO     ___FILE_ONLY___ ════════════════════════════════════════════════════════════
2024-10-02 13:25:16,311 INFO     ___FILE_ONLY___ ╝

2024-10-02 13:25:16,320 DEBUG    root            Updating notification cache...
2024-10-02 13:25:16,321 INFO     ___FILE_ONLY___ 

2024-10-02 13:25:16,323 INFO     ___FILE_ONLY___ Performing post processing steps...
2024-10-02 13:25:16,323 DEBUG    root            Executing command: ['/tools/google-cloud-sdk/bin/gcloud', 'components', 'post-process']
2024-10-02 13:25:27,561 DEBUG    ___FILE_ONLY___ 
2024-10-02 13:25:27,562 DEBUG    ___FILE_ONLY___ 
2024-10-02 13:25:27,650 INFO     ___FILE_ONLY___ 
Update done!


2024-10-02 13:25:27,654 DEBUG    root            Chosen display Format:none
2024-10-02 13:25:27,654 INFO     root            Display format: "none"
