2024-10-02 13:25:28,232 DEBUG    root            Loaded Command Group: ['gcloud', 'components']
2024-10-02 13:25:28,234 DEBUG    root            Loaded Command Group: ['gcloud', 'components', 'update']
2024-10-02 13:25:28,237 DEBUG    root            Running [gcloud.components.update] with arguments: [--quiet: "True", COMPONENT-IDS:8: "['gcloud', 'core', 'bq', 'gsutil', 'compute', 'preview', 'alpha', 'beta']"]
2024-10-02 13:25:28,238 INFO     ___FILE_ONLY___ Beginning update. This process may take several minutes.

2024-10-02 13:25:28,248 DEBUG    urllib3.connectionpool Starting new HTTPS connection (1): dl.google.com:443
2024-10-02 13:25:28,308 DEBUG    urllib3.connectionpool https://dl.google.com:443 "GET /dl/cloudsdk/channels/rapid/components-2.json HTTP/1.1" 200 227002
2024-10-02 13:25:28,327 WARNING  root            Component [compute] no longer exists.
2024-10-02 13:25:28,327 WARNING  root            Component [preview] no longer exists.
2024-10-02 13:25:28,328 INFO     ___FILE_ONLY___ 

2024-10-02 13:25:28,328 INFO     ___FILE_ONLY___ 
Your current Google Cloud CLI version is: 495.0.0

2024-10-02 13:25:28,328 INFO     ___FILE_ONLY___ Installing components from version: 495.0.0

2024-10-02 13:25:28,328 INFO     ___FILE_ONLY___ 

2024-10-02 13:25:28,329 DEBUG    root            Chosen display Format:table[box,title="These components will be removed."](details.display_name:label=Name:align=left,version.version_string:label=Version:align=right,data.size.size(zero="",min=1048576):label=Size:align=right)
2024-10-02 13:25:28,329 DEBUG    root            Chosen display Format:table[box,title="These components will be updated."](details.display_name:label=Name:align=left,version.version_string:label=Version:align=right,data.size.size(zero="",min=1048576):label=Size:align=right)
2024-10-02 13:25:28,330 DEBUG    root            Chosen display Format:table[box,title="These components will be installed."](details.display_name:label=Name:align=left,version.version_string:label=Version:align=right,data.size.size(zero="",min=1048576):label=Size:align=right)
2024-10-02 13:25:28,348 INFO     ___FILE_ONLY___ ┌──────────────────────────────────────────────┐
2024-10-02 13:25:28,349 INFO     ___FILE_ONLY___ 

2024-10-02 13:25:28,349 INFO     ___FILE_ONLY___ │     These components will be installed.      │
2024-10-02 13:25:28,349 INFO     ___FILE_ONLY___ 

2024-10-02 13:25:28,349 INFO     ___FILE_ONLY___ ├───────────────────────┬────────────┬─────────┤
2024-10-02 13:25:28,349 INFO     ___FILE_ONLY___ 

2024-10-02 13:25:28,349 INFO     ___FILE_ONLY___ │          Name         │  Version   │   Size  │
2024-10-02 13:25:28,349 INFO     ___FILE_ONLY___ 

2024-10-02 13:25:28,349 INFO     ___FILE_ONLY___ ├───────────────────────┼────────────┼─────────┤
2024-10-02 13:25:28,349 INFO     ___FILE_ONLY___ 

2024-10-02 13:25:28,349 INFO     ___FILE_ONLY___ │ 
2024-10-02 13:25:28,349 INFO     ___FILE_ONLY___ gcloud Alpha Commands
2024-10-02 13:25:28,349 INFO     ___FILE_ONLY___  
2024-10-02 13:25:28,349 INFO     ___FILE_ONLY___ │ 
2024-10-02 13:25:28,349 INFO     ___FILE_ONLY___ 2024.09.27
2024-10-02 13:25:28,349 INFO     ___FILE_ONLY___  
2024-10-02 13:25:28,350 INFO     ___FILE_ONLY___ │ 
2024-10-02 13:25:28,350 INFO     ___FILE_ONLY___ < 1 MiB
2024-10-02 13:25:28,350 INFO     ___FILE_ONLY___  
2024-10-02 13:25:28,350 INFO     ___FILE_ONLY___ │
2024-10-02 13:25:28,350 INFO     ___FILE_ONLY___ 

2024-10-02 13:25:28,350 INFO     ___FILE_ONLY___ │ 
2024-10-02 13:25:28,350 INFO     ___FILE_ONLY___ gcloud Beta Commands 
2024-10-02 13:25:28,350 INFO     ___FILE_ONLY___  
2024-10-02 13:25:28,350 INFO     ___FILE_ONLY___ │ 
2024-10-02 13:25:28,350 INFO     ___FILE_ONLY___ 2024.09.27
2024-10-02 13:25:28,350 INFO     ___FILE_ONLY___  
2024-10-02 13:25:28,350 INFO     ___FILE_ONLY___ │ 
2024-10-02 13:25:28,350 INFO     ___FILE_ONLY___ < 1 MiB
2024-10-02 13:25:28,350 INFO     ___FILE_ONLY___  
2024-10-02 13:25:28,351 INFO     ___FILE_ONLY___ │
2024-10-02 13:25:28,351 INFO     ___FILE_ONLY___ 

2024-10-02 13:25:28,351 INFO     ___FILE_ONLY___ └───────────────────────┴────────────┴─────────┘
2024-10-02 13:25:28,351 INFO     ___FILE_ONLY___ 

2024-10-02 13:25:28,351 INFO     ___FILE_ONLY___ 

2024-10-02 13:25:28,354 DEBUG    urllib3.connectionpool Starting new HTTPS connection (1): dl.google.com:443
2024-10-02 13:25:28,415 DEBUG    urllib3.connectionpool https://dl.google.com:443 "GET /dl/cloudsdk/channels/rapid/RELEASE_NOTES HTTP/1.1" 200 1281712
2024-10-02 13:25:28,477 INFO     ___FILE_ONLY___ For the latest full release notes, please visit:
  https://cloud.google.com/sdk/release_notes


2024-10-02 13:25:28,477 INFO     ___FILE_ONLY___ Performing in place update...


2024-10-02 13:25:28,479 INFO     ___FILE_ONLY___ ╔════════════════════════════════════════════════════════════╗

2024-10-02 13:25:28,479 INFO     ___FILE_ONLY___ ╠═ Downloading: gcloud Alpha Commands                       ═╣

2024-10-02 13:25:28,479 INFO     ___FILE_ONLY___ ╚
2024-10-02 13:25:28,482 DEBUG    urllib3.connectionpool Starting new HTTPS connection (1): dl.google.com:443
2024-10-02 13:25:28,539 DEBUG    urllib3.connectionpool https://dl.google.com:443 "GET /dl/cloudsdk/channels/rapid/components/google-cloud-sdk-alpha-20240927140238.tar.gz HTTP/1.1" 200 800
2024-10-02 13:25:28,539 INFO     ___FILE_ONLY___ ════════════════════════════════════════════════════════════
2024-10-02 13:25:28,539 INFO     ___FILE_ONLY___ ╝

2024-10-02 13:25:28,541 INFO     ___FILE_ONLY___ ╔════════════════════════════════════════════════════════════╗

2024-10-02 13:25:28,542 INFO     ___FILE_ONLY___ ╠═ Downloading: gcloud Beta Commands                        ═╣

2024-10-02 13:25:28,542 INFO     ___FILE_ONLY___ ╚
2024-10-02 13:25:28,545 DEBUG    urllib3.connectionpool Starting new HTTPS connection (1): dl.google.com:443
2024-10-02 13:25:28,603 DEBUG    urllib3.connectionpool https://dl.google.com:443 "GET /dl/cloudsdk/channels/rapid/components/google-cloud-sdk-beta-20240927140238.tar.gz HTTP/1.1" 200 797
2024-10-02 13:25:28,603 INFO     ___FILE_ONLY___ ════════════════════════════════════════════════════════════
2024-10-02 13:25:28,603 INFO     ___FILE_ONLY___ ╝

2024-10-02 13:25:28,605 INFO     ___FILE_ONLY___ ╔════════════════════════════════════════════════════════════╗

2024-10-02 13:25:28,605 INFO     ___FILE_ONLY___ ╠═ Installing: gcloud Alpha Commands                        ═╣

2024-10-02 13:25:28,606 INFO     ___FILE_ONLY___ ╚
2024-10-02 13:25:28,606 INFO     ___FILE_ONLY___ ════════════════════════════════════════════════════════════
2024-10-02 13:25:28,607 INFO     ___FILE_ONLY___ ╝

2024-10-02 13:25:28,615 INFO     ___FILE_ONLY___ ╔════════════════════════════════════════════════════════════╗

2024-10-02 13:25:28,615 INFO     ___FILE_ONLY___ ╠═ Installing: gcloud Beta Commands                         ═╣

2024-10-02 13:25:28,615 INFO     ___FILE_ONLY___ ╚
2024-10-02 13:25:28,616 INFO     ___FILE_ONLY___ ════════════════════════════════════════════════════════════
2024-10-02 13:25:28,616 INFO     ___FILE_ONLY___ ╝

2024-10-02 13:25:28,625 DEBUG    root            Updating notification cache...
2024-10-02 13:25:28,625 INFO     ___FILE_ONLY___ 

2024-10-02 13:25:28,627 INFO     ___FILE_ONLY___ Performing post processing steps...
2024-10-02 13:25:28,627 DEBUG    root            Executing command: ['/tools/google-cloud-sdk/bin/gcloud', 'components', 'post-process']
2024-10-02 13:25:39,883 DEBUG    ___FILE_ONLY___ 
2024-10-02 13:25:39,883 DEBUG    ___FILE_ONLY___ 
2024-10-02 13:25:39,903 INFO     ___FILE_ONLY___ 
Update done!


2024-10-02 13:25:39,907 DEBUG    root            Chosen display Format:none
2024-10-02 13:25:39,907 INFO     root            Display format: "none"
